2020-04-05 13:45:26.394  INFO 15348 --- [restartedMain] c.e.s.SpringLoggingApplication           : Starting SpringLoggingApplication on DESKTOP-R9F3JP1 with PID 15348 (D:\Desktop\spring-logging\target\classes started by dell in D:\Desktop\spring-logging)
2020-04-05 13:45:26.396  INFO 15348 --- [restartedMain] c.e.s.SpringLoggingApplication           : No active profile set, falling back to default profiles: default
2020-04-05 13:45:26.446  INFO 15348 --- [restartedMain] .e.DevToolsPropertyDefaultsPostProcessor : Devtools property defaults active! Set 'spring.devtools.add-properties' to 'false' to disable
2020-04-05 13:45:26.447  INFO 15348 --- [restartedMain] .e.DevToolsPropertyDefaultsPostProcessor : For additional web related logging consider setting the 'logging.level.web' property to 'DEBUG'
2020-04-05 13:45:27.459  INFO 15348 --- [restartedMain] o.s.b.w.embedded.tomcat.TomcatWebServer  : Tomcat initialized with port(s): 8080 (http)
2020-04-05 13:45:27.470  INFO 15348 --- [restartedMain] o.apache.catalina.core.StandardService   : Starting service [Tomcat]
2020-04-05 13:45:27.471  INFO 15348 --- [restartedMain] org.apache.catalina.core.StandardEngine  : Starting Servlet engine: [Apache Tomcat/9.0.33]
2020-04-05 13:45:27.610  INFO 15348 --- [restartedMain] o.a.c.c.C.[Tomcat].[localhost].[/]       : Initializing Spring embedded WebApplicationContext
2020-04-05 13:45:27.610  INFO 15348 --- [restartedMain] o.s.web.context.ContextLoader            : Root WebApplicationContext: initialization completed in 1163 ms
2020-04-05 13:45:27.806  INFO 15348 --- [restartedMain] o.s.s.concurrent.ThreadPoolTaskExecutor  : Initializing ExecutorService 'applicationTaskExecutor'
2020-04-05 13:45:27.958  INFO 15348 --- [restartedMain] o.s.b.d.a.OptionalLiveReloadServer       : LiveReload server is running on port 35729
2020-04-05 13:45:28.036  INFO 15348 --- [restartedMain] o.s.b.w.embedded.tomcat.TomcatWebServer  : Tomcat started on port(s): 8080 (http) with context path ''
2020-04-05 13:45:28.041  INFO 15348 --- [restartedMain] c.e.s.SpringLoggingApplication           : Started SpringLoggingApplication in 2.024 seconds (JVM running for 2.942)
2020-04-05 13:45:31.643  INFO 15348 --- [http-nio-8080-exec-1] o.a.c.c.C.[Tomcat].[localhost].[/]       : Initializing Spring DispatcherServlet 'dispatcherServlet'
2020-04-05 13:45:31.643  INFO 15348 --- [http-nio-8080-exec-1] o.s.web.servlet.DispatcherServlet        : Initializing Servlet 'dispatcherServlet'
2020-04-05 13:45:31.648  INFO 15348 --- [http-nio-8080-exec-1] o.s.web.servlet.DispatcherServlet        : Completed initialization in 4 ms
2020-04-05 13:45:31.663 TRACE 15348 --- [http-nio-8080-exec-1] c.e.springlogging.LoggerController       : This is a trace msg:Sun Apr 05 13:45:31 CST 2020
2020-04-05 13:45:31.664 DEBUG 15348 --- [http-nio-8080-exec-1] c.e.springlogging.LoggerController       : This is a debug msg:Sun Apr 05 13:45:31 CST 2020
2020-04-05 13:45:31.664  INFO 15348 --- [http-nio-8080-exec-1] c.e.springlogging.LoggerController       : This is a info msg:Sun Apr 05 13:45:31 CST 2020
2020-04-05 13:45:31.664  WARN 15348 --- [http-nio-8080-exec-1] c.e.springlogging.LoggerController       : This is a warn msg:Sun Apr 05 13:45:31 CST 2020
2020-04-05 13:45:31.665 ERROR 15348 --- [http-nio-8080-exec-1] c.e.springlogging.LoggerController       : This is a error msg:Sun Apr 05 13:45:31 CST 2020
